-- The C compiler identification is GNU 7.5.0
-- The CXX compiler identification is GNU 7.5.0
-- Check for working C compiler: /usr/bin/cc
-- Check for working C compiler: /usr/bin/cc -- works
-- Detecting C compiler ABI info
-- Detecting C compiler ABI info - done
-- Detecting C compile features
-- Detecting C compile features - done
-- Check for working CXX compiler: /usr/bin/c++
-- Check for working CXX compiler: /usr/bin/c++ -- works
-- Detecting CXX compiler ABI info
-- Detecting CXX compiler ABI info - done
-- Detecting CXX compile features
-- Detecting CXX compile features - done
-- Found ament_cmake: 0.8.2 (/opt/ros/eloquent/share/ament_cmake/cmake)
-- Found PythonInterp: /usr/bin/python3 (found suitable version "3.6.9", minimum required is "3") 
-- Using PYTHON_EXECUTABLE: /usr/bin/python3
-- Found urdf: 2.2.0 (/opt/ros/eloquent/share/urdf/cmake)
-- Found ament_lint_auto: 0.8.1 (/opt/ros/eloquent/share/ament_lint_auto/cmake)
-- Added test 'lint_cmake' to check CMake code style
-- Added test 'xmllint' to check XML markup files
-- Configuring done
-- Generating done
-- Build files have been written to: /home/brenda/RBIM_ws/src/build/description
[36mInstall the project...[0m
-- Install configuration: ""
-- Installing: /home/brenda/RBIM_ws/src/install/description/share/description/include
-- Installing: /home/brenda/RBIM_ws/src/install/description/share/description/include/description
-- Installing: /home/brenda/RBIM_ws/src/install/description/share/description/src
-- Installing: /home/brenda/RBIM_ws/src/install/description/share/description/src/meshes
-- Installing: /home/brenda/RBIM_ws/src/install/description/share/description/src/urdf
-- Installing: /home/brenda/RBIM_ws/src/install/description/share/description/src/urdf/robot.urdf
-- Installing: /home/brenda/RBIM_ws/src/install/description/share/description/src/launch
-- Installing: /home/brenda/RBIM_ws/src/install/description/share/description/src/launch/robot.launch
-- Installing: /home/brenda/RBIM_ws/src/install/description/share/ament_index/resource_index/package_run_dependencies/description
-- Installing: /home/brenda/RBIM_ws/src/install/description/share/ament_index/resource_index/parent_prefix_path/description
-- Installing: /home/brenda/RBIM_ws/src/install/description/share/description/environment/ament_prefix_path.sh
-- Installing: /home/brenda/RBIM_ws/src/install/description/share/description/environment/ament_prefix_path.dsv
-- Installing: /home/brenda/RBIM_ws/src/install/description/share/description/environment/path.sh
-- Installing: /home/brenda/RBIM_ws/src/install/description/share/description/environment/path.dsv
-- Installing: /home/brenda/RBIM_ws/src/install/description/share/description/local_setup.bash
-- Installing: /home/brenda/RBIM_ws/src/install/description/share/description/local_setup.sh
-- Installing: /home/brenda/RBIM_ws/src/install/description/share/description/local_setup.zsh
-- Installing: /home/brenda/RBIM_ws/src/install/description/share/description/local_setup.dsv
-- Installing: /home/brenda/RBIM_ws/src/install/description/share/description/package.dsv
-- Installing: /home/brenda/RBIM_ws/src/install/description/share/ament_index/resource_index/packages/description
-- Installing: /home/brenda/RBIM_ws/src/install/description/share/description/cmake/descriptionConfig.cmake
-- Installing: /home/brenda/RBIM_ws/src/install/description/share/description/cmake/descriptionConfig-version.cmake
-- Installing: /home/brenda/RBIM_ws/src/install/description/share/description/package.xml
