[0.022s] Invoking command in '/home/brenda/RBIM_ws/src/build/description': CMAKE_PREFIX_PATH=/home/brenda/dev_ws/install/turtlesim:/home/brenda/dev_ws/install/robot_gazebo:/home/brenda/dev_ws/install/introduction:/home/brenda/dev_ws/install/dolly:/home/brenda/dev_ws/install/dolly_gazebo:/home/brenda/dev_ws/install/dolly_follow:/home/brenda/dev_ws/install/description:/opt/ros/eloquent:/home/brenda/turtlebot3_ws/install/turtlebot3_teleop:/opt/ros/melodic:/opt/ros/kinetic /usr/bin/cmake /home/brenda/RBIM_ws/src/description -DCMAKE_INSTALL_PREFIX=/home/brenda/RBIM_ws/src/install/description
[0.073s] -- The C compiler identification is GNU 7.5.0
[0.120s] -- The CXX compiler identification is GNU 7.5.0
[0.124s] -- Check for working C compiler: /usr/bin/cc
[0.182s] -- Check for working C compiler: /usr/bin/cc -- works
[0.183s] -- Detecting C compiler ABI info
[0.243s] -- Detecting C compiler ABI info - done
[0.248s] -- Detecting C compile features
[0.437s] -- Detecting C compile features - done
[0.439s] -- Check for working CXX compiler: /usr/bin/c++
[0.512s] -- Check for working CXX compiler: /usr/bin/c++ -- works
[0.512s] -- Detecting CXX compiler ABI info
[0.585s] -- Detecting CXX compiler ABI info - done
[0.590s] -- Detecting CXX compile features
[0.895s] -- Detecting CXX compile features - done
[0.898s] -- Found ament_cmake: 0.8.2 (/opt/ros/eloquent/share/ament_cmake/cmake)
[0.928s] -- Found PythonInterp: /usr/bin/python3 (found suitable version "3.6.9", minimum required is "3") 
[0.928s] -- Using PYTHON_EXECUTABLE: /usr/bin/python3
[1.145s] -- Found urdf: 2.2.0 (/opt/ros/eloquent/share/urdf/cmake)
[1.172s] -- Found ament_lint_auto: 0.8.1 (/opt/ros/eloquent/share/ament_lint_auto/cmake)
[1.256s] -- Added test 'lint_cmake' to check CMake code style
[1.258s] -- Added test 'xmllint' to check XML markup files
[1.295s] -- Configuring done
[1.300s] -- Generating done
[1.303s] -- Build files have been written to: /home/brenda/RBIM_ws/src/build/description
[1.315s] Invoked command in '/home/brenda/RBIM_ws/src/build/description' returned '0': CMAKE_PREFIX_PATH=/home/brenda/dev_ws/install/turtlesim:/home/brenda/dev_ws/install/robot_gazebo:/home/brenda/dev_ws/install/introduction:/home/brenda/dev_ws/install/dolly:/home/brenda/dev_ws/install/dolly_gazebo:/home/brenda/dev_ws/install/dolly_follow:/home/brenda/dev_ws/install/description:/opt/ros/eloquent:/home/brenda/turtlebot3_ws/install/turtlebot3_teleop:/opt/ros/melodic:/opt/ros/kinetic /usr/bin/cmake /home/brenda/RBIM_ws/src/description -DCMAKE_INSTALL_PREFIX=/home/brenda/RBIM_ws/src/install/description
[1.319s] Invoking command in '/home/brenda/RBIM_ws/src/build/description': CMAKE_PREFIX_PATH=/home/brenda/dev_ws/install/turtlesim:/home/brenda/dev_ws/install/robot_gazebo:/home/brenda/dev_ws/install/introduction:/home/brenda/dev_ws/install/dolly:/home/brenda/dev_ws/install/dolly_gazebo:/home/brenda/dev_ws/install/dolly_follow:/home/brenda/dev_ws/install/description:/opt/ros/eloquent:/home/brenda/turtlebot3_ws/install/turtlebot3_teleop:/opt/ros/melodic:/opt/ros/kinetic /usr/bin/cmake --build /home/brenda/RBIM_ws/src/build/description -- -j8 -l8
[1.368s] Invoked command in '/home/brenda/RBIM_ws/src/build/description' returned '0': CMAKE_PREFIX_PATH=/home/brenda/dev_ws/install/turtlesim:/home/brenda/dev_ws/install/robot_gazebo:/home/brenda/dev_ws/install/introduction:/home/brenda/dev_ws/install/dolly:/home/brenda/dev_ws/install/dolly_gazebo:/home/brenda/dev_ws/install/dolly_follow:/home/brenda/dev_ws/install/description:/opt/ros/eloquent:/home/brenda/turtlebot3_ws/install/turtlebot3_teleop:/opt/ros/melodic:/opt/ros/kinetic /usr/bin/cmake --build /home/brenda/RBIM_ws/src/build/description -- -j8 -l8
[1.397s] Invoking command in '/home/brenda/RBIM_ws/src/build/description': CMAKE_PREFIX_PATH=/home/brenda/dev_ws/install/turtlesim:/home/brenda/dev_ws/install/robot_gazebo:/home/brenda/dev_ws/install/introduction:/home/brenda/dev_ws/install/dolly:/home/brenda/dev_ws/install/dolly_gazebo:/home/brenda/dev_ws/install/dolly_follow:/home/brenda/dev_ws/install/description:/opt/ros/eloquent:/home/brenda/turtlebot3_ws/install/turtlebot3_teleop:/opt/ros/melodic:/opt/ros/kinetic /usr/bin/cmake --build /home/brenda/RBIM_ws/src/build/description --target install -- -j8 -l8
[1.440s] [36mInstall the project...[0m
[1.450s] -- Install configuration: ""
[1.450s] -- Installing: /home/brenda/RBIM_ws/src/install/description/share/description/include
[1.450s] -- Installing: /home/brenda/RBIM_ws/src/install/description/share/description/include/description
[1.451s] -- Installing: /home/brenda/RBIM_ws/src/install/description/share/description/src
[1.451s] -- Installing: /home/brenda/RBIM_ws/src/install/description/share/description/src/meshes
[1.451s] -- Installing: /home/brenda/RBIM_ws/src/install/description/share/description/src/urdf
[1.451s] -- Installing: /home/brenda/RBIM_ws/src/install/description/share/description/src/urdf/robot.urdf
[1.451s] -- Installing: /home/brenda/RBIM_ws/src/install/description/share/description/src/launch
[1.452s] -- Installing: /home/brenda/RBIM_ws/src/install/description/share/description/src/launch/robot.launch
[1.452s] -- Installing: /home/brenda/RBIM_ws/src/install/description/share/ament_index/resource_index/package_run_dependencies/description
[1.452s] -- Installing: /home/brenda/RBIM_ws/src/install/description/share/ament_index/resource_index/parent_prefix_path/description
[1.452s] -- Installing: /home/brenda/RBIM_ws/src/install/description/share/description/environment/ament_prefix_path.sh
[1.452s] -- Installing: /home/brenda/RBIM_ws/src/install/description/share/description/environment/ament_prefix_path.dsv
[1.453s] -- Installing: /home/brenda/RBIM_ws/src/install/description/share/description/environment/path.sh
[1.453s] -- Installing: /home/brenda/RBIM_ws/src/install/description/share/description/environment/path.dsv
[1.453s] -- Installing: /home/brenda/RBIM_ws/src/install/description/share/description/local_setup.bash
[1.453s] -- Installing: /home/brenda/RBIM_ws/src/install/description/share/description/local_setup.sh
[1.453s] -- Installing: /home/brenda/RBIM_ws/src/install/description/share/description/local_setup.zsh
[1.453s] -- Installing: /home/brenda/RBIM_ws/src/install/description/share/description/local_setup.dsv
[1.454s] -- Installing: /home/brenda/RBIM_ws/src/install/description/share/description/package.dsv
[1.454s] -- Installing: /home/brenda/RBIM_ws/src/install/description/share/ament_index/resource_index/packages/description
[1.454s] -- Installing: /home/brenda/RBIM_ws/src/install/description/share/description/cmake/descriptionConfig.cmake
[1.454s] -- Installing: /home/brenda/RBIM_ws/src/install/description/share/description/cmake/descriptionConfig-version.cmake
[1.454s] -- Installing: /home/brenda/RBIM_ws/src/install/description/share/description/package.xml
[1.457s] Invoked command in '/home/brenda/RBIM_ws/src/build/description' returned '0': CMAKE_PREFIX_PATH=/home/brenda/dev_ws/install/turtlesim:/home/brenda/dev_ws/install/robot_gazebo:/home/brenda/dev_ws/install/introduction:/home/brenda/dev_ws/install/dolly:/home/brenda/dev_ws/install/dolly_gazebo:/home/brenda/dev_ws/install/dolly_follow:/home/brenda/dev_ws/install/description:/opt/ros/eloquent:/home/brenda/turtlebot3_ws/install/turtlebot3_teleop:/opt/ros/melodic:/opt/ros/kinetic /usr/bin/cmake --build /home/brenda/RBIM_ws/src/build/description --target install -- -j8 -l8
